C:\USERS\13071191D\DESKTOP\LASTCARDLIB_FINISH\DEBUG\LASTCARDLIB.LIB
C:\USERS\13071191D\DESKTOP\LASTCARDLIB_FINISH\LASTCARDLIB\DEBUG\.NETFRAMEWORK,VERSION=V4.0.ASSEMBLYATTRIBUTES.OBJ
C:\USERS\13071191D\DESKTOP\LASTCARDLIB_FINISH\LASTCARDLIB\DEBUG\LASTCARDLIB.OBJ
C:\USERS\13071191D\DESKTOP\LASTCARDLIB_FINISH\LASTCARDLIB\DEBUG\VC100.PDB
C:\Users\13071741D\Desktop\lastcardlib_finish\Debug\lastcardlib.lib
C:\Users\13071741D\Desktop\lastcardlib_finish\lastcardlib\Debug\.NETFramework,Version=v4.0.AssemblyAttributes.obj
C:\Users\13071741D\Desktop\lastcardlib_finish\lastcardlib\Debug\cl.command.1.tlog
C:\Users\13071741D\Desktop\lastcardlib_finish\lastcardlib\Debug\CL.read.1.tlog
C:\Users\13071741D\Desktop\lastcardlib_finish\lastcardlib\Debug\CL.write.1.tlog
C:\Users\13071741D\Desktop\lastcardlib_finish\lastcardlib\Debug\lastcardlib.obj
C:\Users\13071741D\Desktop\lastcardlib_finish\lastcardlib\Debug\lastcardlib.vcxprojResolveAssemblyReference.cache
C:\Users\13071741D\Desktop\lastcardlib_finish\lastcardlib\Debug\lastcardlib.write.1.tlog
C:\Users\13071741D\Desktop\lastcardlib_finish\lastcardlib\Debug\lib.command.1.tlog
C:\Users\13071741D\Desktop\lastcardlib_finish\lastcardlib\Debug\Lib-link.read.1.tlog
C:\Users\13071741D\Desktop\lastcardlib_finish\lastcardlib\Debug\Lib-link.write.1.tlog
C:\Users\13071741D\Desktop\lastcardlib_finish\lastcardlib\Debug\metagen.read.1.tlog
C:\Users\13071741D\Desktop\lastcardlib_finish\lastcardlib\Debug\metagen.write.1.tlog
C:\Users\13071741D\Desktop\lastcardlib_finish\lastcardlib\Debug\RSAENH.DLL.bi
C:\Users\13071741D\Desktop\lastcardlib_finish\lastcardlib\Debug\TZRES.DLL.bi
C:\Users\13071741D\Desktop\lastcardlib_finish\lastcardlib\Debug\vc100.pdb
