Build started 4/18/2015 4:29:58 PM.
     1>Project "C:\Users\13071741D\Desktop\lastcardlib_finish\lastcardlib\lastcardlib.vcxproj" on node 2 (rebuild target(s)).
     1>_PrepareForClean:
         Deleting file "Debug\lastcardlib.lastbuildstate".
       InitializeBuildStatus:
         Creating "Debug\lastcardlib.unsuccessfulbuild" because "AlwaysCreate" was specified.
       GenerateTargetFrameworkMonikerAttribute:
       Skipping target "GenerateTargetFrameworkMonikerAttribute" because all output files are up-to-date with respect to the input files.
       ClCompile:
         c:\Program Files\Microsoft Visual Studio 10.0\VC\bin\CL.exe /c /AI"C:\Program Files\Reference Assemblies\Microsoft\Framework\.NETFramework\v4.0" /Zi /clr:pure /nologo /W3 /WX- /Od /Oy- /D WIN32 /D _DEBUG /D _LIB /D _UNICODE /D UNICODE /EHa /MDd /GS /fp:precise /Zc:wchar_t /Zc:forScope /Fo"Debug\\" /Fd"Debug\vc100.pdb" /TP /FU"C:\Program Files\Reference Assemblies\Microsoft\Framework\.NETFramework\v4.0\System.Core.dll" /analyze- /errorReport:prompt lastcardlib.cpp /clr:nostdlib 
         lastcardlib.cpp
         c:\Program Files\Microsoft Visual Studio 10.0\VC\bin\CL.exe /c /Zi /clr:pure /nologo /W3 /WX- /Od /Oy- /D WIN32 /D _DEBUG /D _LIB /D _UNICODE /D UNICODE /EHa /MDd /GS /fp:precise /Zc:wchar_t /Zc:forScope /Fo"Debug\\" /Fd"Debug\vc100.pdb" /TP /analyze- /errorReport:prompt "C:\Users\13071741D\AppData\Local\Temp\.NETFramework,Version=v4.0.AssemblyAttributes.cpp"
         .NETFramework,Version=v4.0.AssemblyAttributes.cpp
       Lib:
         c:\Program Files\Microsoft Visual Studio 10.0\VC\bin\Lib.exe /OUT:"C:\Users\13071741D\Desktop\lastcardlib_finish\Debug\lastcardlib.lib" /NOLOGO Debug\lastcardlib.obj
         "Debug\.NETFramework,Version=v4.0.AssemblyAttributes.obj"
     1>.NETFramework,Version=v4.0.AssemblyAttributes.obj : warning LNK4221: This object file does not define any previously undefined public symbols, so it will not be used by any link operation that consumes this library
         lastcardlib.vcxproj -> C:\Users\13071741D\Desktop\lastcardlib_finish\Debug\lastcardlib.lib
       FinalizeBuildStatus:
         Deleting file "Debug\lastcardlib.unsuccessfulbuild".
         Touching "Debug\lastcardlib.lastbuildstate".
     1>Done Building Project "C:\Users\13071741D\Desktop\lastcardlib_finish\lastcardlib\lastcardlib.vcxproj" (rebuild target(s)).

Build succeeded.

Time Elapsed 00:00:01.00
