C:\USERS\13071741D\DESKTOP\LASTCARD\DEBUG\LASTCARD.EXE
C:\USERS\13071741D\DESKTOP\LASTCARD\DEBUG\LASTCARD.ILK
C:\USERS\13071741D\DESKTOP\LASTCARD\DEBUG\LASTCARD.PDB
C:\USERS\13071741D\DESKTOP\LASTCARD\LASTCARD\DEBUG\.NETFRAMEWORK,VERSION=V4.0.ASSEMBLYATTRIBUTES.OBJ
C:\USERS\13071741D\DESKTOP\LASTCARD\LASTCARD\DEBUG\APP.RES
C:\USERS\13071741D\DESKTOP\LASTCARD\LASTCARD\DEBUG\ASSEMBLYINFO.OBJ
C:\USERS\13071741D\DESKTOP\LASTCARD\LASTCARD\DEBUG\GAME.OBJ
C:\USERS\13071741D\DESKTOP\LASTCARD\LASTCARD\DEBUG\LASTCARD.EXE.INTERMEDIATE.MANIFEST
C:\USERS\13071741D\DESKTOP\LASTCARD\LASTCARD\DEBUG\LASTCARD.OBJ
C:\USERS\13071741D\DESKTOP\LASTCARD\LASTCARD\DEBUG\LASTCARD.PCH
C:\USERS\13071741D\DESKTOP\LASTCARD\LASTCARD\DEBUG\NEWAC.OBJ
C:\USERS\13071741D\DESKTOP\LASTCARD\LASTCARD\DEBUG\RANKING.OBJ
C:\USERS\13071741D\DESKTOP\LASTCARD\LASTCARD\DEBUG\RECCARD.OBJ
C:\USERS\13071741D\DESKTOP\LASTCARD\LASTCARD\DEBUG\RULE.OBJ
C:\USERS\13071741D\DESKTOP\LASTCARD\LASTCARD\DEBUG\SETTING.OBJ
C:\USERS\13071741D\DESKTOP\LASTCARD\LASTCARD\DEBUG\SIGNIN.OBJ
C:\USERS\13071741D\DESKTOP\LASTCARD\LASTCARD\DEBUG\STDAFX.OBJ
C:\USERS\13071741D\DESKTOP\LASTCARD\LASTCARD\DEBUG\SUITUP.OBJ
C:\USERS\13071741D\DESKTOP\LASTCARD\LASTCARD\DEBUG\VC100.PDB
C:\USERS\13071741D\DESKTOP\LASTCARD\LASTCARD\DEBUG\WINNER.OBJ
C:\USERS\IVAN\DESKTOP\LASTCARD\DEBUG\LASTCARD.EXE
C:\USERS\IVAN\DESKTOP\LASTCARD\DEBUG\LASTCARD.ILK
C:\USERS\IVAN\DESKTOP\LASTCARD\DEBUG\LASTCARD.PDB
C:\USERS\IVAN\DESKTOP\LASTCARD\LASTCARD\DEBUG\.NETFRAMEWORK,VERSION=V4.0.ASSEMBLYATTRIBUTES.OBJ
C:\USERS\IVAN\DESKTOP\LASTCARD\LASTCARD\DEBUG\APP.RES
C:\USERS\IVAN\DESKTOP\LASTCARD\LASTCARD\DEBUG\ASSEMBLYINFO.OBJ
C:\Users\Ivan\Desktop\LastCard\LastCard\Debug\cl.command.1.tlog
C:\Users\Ivan\Desktop\LastCard\LastCard\Debug\CL.read.1.tlog
C:\Users\Ivan\Desktop\LastCard\LastCard\Debug\CL.write.1.tlog
C:\USERS\IVAN\DESKTOP\LASTCARD\LASTCARD\DEBUG\GAME.OBJ
C:\USERS\IVAN\DESKTOP\LASTCARD\LASTCARD\DEBUG\LASTCARD.EXE.INTERMEDIATE.MANIFEST
C:\Users\Ivan\Desktop\LastCard\LastCard\Debug\LastCard.Form1.resources
C:\Users\Ivan\Desktop\LastCard\LastCard\Debug\LastCard.game.resources
C:\USERS\IVAN\DESKTOP\LASTCARD\LASTCARD\DEBUG\LASTCARD.OBJ
C:\USERS\IVAN\DESKTOP\LASTCARD\LASTCARD\DEBUG\LASTCARD.PCH
C:\Users\Ivan\Desktop\LastCard\LastCard\Debug\LastCard.setting.resources
C:\Users\Ivan\Desktop\LastCard\LastCard\Debug\LastCard.suitup.resources
C:\Users\Ivan\Desktop\LastCard\LastCard\Debug\LastCard.vcxproj.GenerateResource.Cache
C:\Users\Ivan\Desktop\LastCard\LastCard\Debug\LastCard.vcxprojResolveAssemblyReference.cache
C:\Users\Ivan\Desktop\LastCard\LastCard\Debug\LastCard.write.1.tlog
C:\Users\Ivan\Desktop\LastCard\LastCard\Debug\link.1052.read.1.tlog
C:\Users\Ivan\Desktop\LastCard\LastCard\Debug\link.1052.read.2.tlog
C:\Users\Ivan\Desktop\LastCard\LastCard\Debug\link.1052.write.1.tlog
C:\Users\Ivan\Desktop\LastCard\LastCard\Debug\link.1052-cvtres.read.1.tlog
C:\Users\Ivan\Desktop\LastCard\LastCard\Debug\link.1052-cvtres.write.1.tlog
C:\Users\Ivan\Desktop\LastCard\LastCard\Debug\link.1160.read.1.tlog
C:\Users\Ivan\Desktop\LastCard\LastCard\Debug\link.1160.read.2.tlog
C:\Users\Ivan\Desktop\LastCard\LastCard\Debug\link.1160.write.1.tlog
C:\Users\Ivan\Desktop\LastCard\LastCard\Debug\link.1160-cvtres.read.1.tlog
C:\Users\Ivan\Desktop\LastCard\LastCard\Debug\link.1160-cvtres.write.1.tlog
C:\Users\Ivan\Desktop\LastCard\LastCard\Debug\link.1204.read.1.tlog
C:\Users\Ivan\Desktop\LastCard\LastCard\Debug\link.1204.read.2.tlog
C:\Users\Ivan\Desktop\LastCard\LastCard\Debug\link.1204.write.1.tlog
C:\Users\Ivan\Desktop\LastCard\LastCard\Debug\link.1204-cvtres.read.1.tlog
C:\Users\Ivan\Desktop\LastCard\LastCard\Debug\link.1204-cvtres.write.1.tlog
C:\Users\Ivan\Desktop\LastCard\LastCard\Debug\link.2312.read.1.tlog
C:\Users\Ivan\Desktop\LastCard\LastCard\Debug\link.2312.read.2.tlog
C:\Users\Ivan\Desktop\LastCard\LastCard\Debug\link.2312.write.1.tlog
C:\Users\Ivan\Desktop\LastCard\LastCard\Debug\link.2312-cvtres.read.1.tlog
C:\Users\Ivan\Desktop\LastCard\LastCard\Debug\link.2312-cvtres.write.1.tlog
C:\Users\Ivan\Desktop\LastCard\LastCard\Debug\link.2464.read.1.tlog
C:\Users\Ivan\Desktop\LastCard\LastCard\Debug\link.2464.read.2.tlog
C:\Users\Ivan\Desktop\LastCard\LastCard\Debug\link.2464.write.1.tlog
C:\Users\Ivan\Desktop\LastCard\LastCard\Debug\link.2464-cvtres.read.1.tlog
C:\Users\Ivan\Desktop\LastCard\LastCard\Debug\link.2464-cvtres.write.1.tlog
C:\Users\Ivan\Desktop\LastCard\LastCard\Debug\link.2512.read.1.tlog
C:\Users\Ivan\Desktop\LastCard\LastCard\Debug\link.2512.read.2.tlog
C:\Users\Ivan\Desktop\LastCard\LastCard\Debug\link.2512.write.1.tlog
C:\Users\Ivan\Desktop\LastCard\LastCard\Debug\link.2512-cvtres.read.1.tlog
C:\Users\Ivan\Desktop\LastCard\LastCard\Debug\link.2512-cvtres.write.1.tlog
C:\Users\Ivan\Desktop\LastCard\LastCard\Debug\link.2528.read.1.tlog
C:\Users\Ivan\Desktop\LastCard\LastCard\Debug\link.2528.read.2.tlog
C:\Users\Ivan\Desktop\LastCard\LastCard\Debug\link.2528.write.1.tlog
C:\Users\Ivan\Desktop\LastCard\LastCard\Debug\link.2528-cvtres.read.1.tlog
C:\Users\Ivan\Desktop\LastCard\LastCard\Debug\link.2528-cvtres.write.1.tlog
C:\Users\Ivan\Desktop\LastCard\LastCard\Debug\link.2932.read.1.tlog
C:\Users\Ivan\Desktop\LastCard\LastCard\Debug\link.2932.read.2.tlog
C:\Users\Ivan\Desktop\LastCard\LastCard\Debug\link.2932.write.1.tlog
C:\Users\Ivan\Desktop\LastCard\LastCard\Debug\link.2932-cvtres.read.1.tlog
C:\Users\Ivan\Desktop\LastCard\LastCard\Debug\link.2932-cvtres.write.1.tlog
C:\Users\Ivan\Desktop\LastCard\LastCard\Debug\link.2972.read.1.tlog
C:\Users\Ivan\Desktop\LastCard\LastCard\Debug\link.2972.read.2.tlog
C:\Users\Ivan\Desktop\LastCard\LastCard\Debug\link.2972.write.1.tlog
C:\Users\Ivan\Desktop\LastCard\LastCard\Debug\link.2972-cvtres.read.1.tlog
C:\Users\Ivan\Desktop\LastCard\LastCard\Debug\link.2972-cvtres.write.1.tlog
C:\Users\Ivan\Desktop\LastCard\LastCard\Debug\link.3336.read.1.tlog
C:\Users\Ivan\Desktop\LastCard\LastCard\Debug\link.3336.read.2.tlog
C:\Users\Ivan\Desktop\LastCard\LastCard\Debug\link.3336.write.1.tlog
C:\Users\Ivan\Desktop\LastCard\LastCard\Debug\link.3336-cvtres.read.1.tlog
C:\Users\Ivan\Desktop\LastCard\LastCard\Debug\link.3336-cvtres.write.1.tlog
C:\Users\Ivan\Desktop\LastCard\LastCard\Debug\link.3596.read.1.tlog
C:\Users\Ivan\Desktop\LastCard\LastCard\Debug\link.3596.read.2.tlog
C:\Users\Ivan\Desktop\LastCard\LastCard\Debug\link.3596.write.1.tlog
C:\Users\Ivan\Desktop\LastCard\LastCard\Debug\link.3596-cvtres.read.1.tlog
C:\Users\Ivan\Desktop\LastCard\LastCard\Debug\link.3596-cvtres.write.1.tlog
C:\Users\Ivan\Desktop\LastCard\LastCard\Debug\link.3608.read.1.tlog
C:\Users\Ivan\Desktop\LastCard\LastCard\Debug\link.3608.read.2.tlog
C:\Users\Ivan\Desktop\LastCard\LastCard\Debug\link.3608.write.1.tlog
C:\Users\Ivan\Desktop\LastCard\LastCard\Debug\link.3608-cvtres.read.1.tlog
C:\Users\Ivan\Desktop\LastCard\LastCard\Debug\link.3608-cvtres.write.1.tlog
C:\Users\Ivan\Desktop\LastCard\LastCard\Debug\link.3700.read.1.tlog
C:\Users\Ivan\Desktop\LastCard\LastCard\Debug\link.3700.read.2.tlog
C:\Users\Ivan\Desktop\LastCard\LastCard\Debug\link.3700.write.1.tlog
C:\Users\Ivan\Desktop\LastCard\LastCard\Debug\link.3700-cvtres.read.1.tlog
C:\Users\Ivan\Desktop\LastCard\LastCard\Debug\link.3700-cvtres.write.1.tlog
C:\Users\Ivan\Desktop\LastCard\LastCard\Debug\link.3776.read.1.tlog
C:\Users\Ivan\Desktop\LastCard\LastCard\Debug\link.3776.read.2.tlog
C:\Users\Ivan\Desktop\LastCard\LastCard\Debug\link.3776.write.1.tlog
C:\Users\Ivan\Desktop\LastCard\LastCard\Debug\link.3776-cvtres.read.1.tlog
C:\Users\Ivan\Desktop\LastCard\LastCard\Debug\link.3776-cvtres.write.1.tlog
C:\Users\Ivan\Desktop\LastCard\LastCard\Debug\link.3816.read.1.tlog
C:\Users\Ivan\Desktop\LastCard\LastCard\Debug\link.3816.read.2.tlog
C:\Users\Ivan\Desktop\LastCard\LastCard\Debug\link.3816.write.1.tlog
C:\Users\Ivan\Desktop\LastCard\LastCard\Debug\link.3816-cvtres.read.1.tlog
C:\Users\Ivan\Desktop\LastCard\LastCard\Debug\link.3816-cvtres.write.1.tlog
C:\Users\Ivan\Desktop\LastCard\LastCard\Debug\link.3912.read.1.tlog
C:\Users\Ivan\Desktop\LastCard\LastCard\Debug\link.3912.read.2.tlog
C:\Users\Ivan\Desktop\LastCard\LastCard\Debug\link.3912.write.1.tlog
C:\Users\Ivan\Desktop\LastCard\LastCard\Debug\link.3912-cvtres.read.1.tlog
C:\Users\Ivan\Desktop\LastCard\LastCard\Debug\link.3912-cvtres.write.1.tlog
C:\Users\Ivan\Desktop\LastCard\LastCard\Debug\link.3976.read.1.tlog
C:\Users\Ivan\Desktop\LastCard\LastCard\Debug\link.3976.read.2.tlog
C:\Users\Ivan\Desktop\LastCard\LastCard\Debug\link.3976.write.1.tlog
C:\Users\Ivan\Desktop\LastCard\LastCard\Debug\link.3976-cvtres.read.1.tlog
C:\Users\Ivan\Desktop\LastCard\LastCard\Debug\link.3976-cvtres.write.1.tlog
C:\Users\Ivan\Desktop\LastCard\LastCard\Debug\link.4084.read.1.tlog
C:\Users\Ivan\Desktop\LastCard\LastCard\Debug\link.4084.read.2.tlog
C:\Users\Ivan\Desktop\LastCard\LastCard\Debug\link.4084.write.1.tlog
C:\Users\Ivan\Desktop\LastCard\LastCard\Debug\link.4084-cvtres.read.1.tlog
C:\Users\Ivan\Desktop\LastCard\LastCard\Debug\link.4084-cvtres.write.1.tlog
C:\Users\Ivan\Desktop\LastCard\LastCard\Debug\link.4092.read.1.tlog
C:\Users\Ivan\Desktop\LastCard\LastCard\Debug\link.4092.read.2.tlog
C:\Users\Ivan\Desktop\LastCard\LastCard\Debug\link.4092.write.1.tlog
C:\Users\Ivan\Desktop\LastCard\LastCard\Debug\link.4092-cvtres.read.1.tlog
C:\Users\Ivan\Desktop\LastCard\LastCard\Debug\link.4092-cvtres.write.1.tlog
C:\Users\Ivan\Desktop\LastCard\LastCard\Debug\link.472.read.1.tlog
C:\Users\Ivan\Desktop\LastCard\LastCard\Debug\link.472.read.2.tlog
C:\Users\Ivan\Desktop\LastCard\LastCard\Debug\link.472.write.1.tlog
C:\Users\Ivan\Desktop\LastCard\LastCard\Debug\link.472-cvtres.read.1.tlog
C:\Users\Ivan\Desktop\LastCard\LastCard\Debug\link.472-cvtres.write.1.tlog
C:\Users\Ivan\Desktop\LastCard\LastCard\Debug\link.6256.read.1.tlog
C:\Users\Ivan\Desktop\LastCard\LastCard\Debug\link.6256.read.2.tlog
C:\Users\Ivan\Desktop\LastCard\LastCard\Debug\link.6256.write.1.tlog
C:\Users\Ivan\Desktop\LastCard\LastCard\Debug\link.6256-cvtres.read.1.tlog
C:\Users\Ivan\Desktop\LastCard\LastCard\Debug\link.6256-cvtres.write.1.tlog
C:\Users\Ivan\Desktop\LastCard\LastCard\Debug\link.824.read.1.tlog
C:\Users\Ivan\Desktop\LastCard\LastCard\Debug\link.824.read.2.tlog
C:\Users\Ivan\Desktop\LastCard\LastCard\Debug\link.824.write.1.tlog
C:\Users\Ivan\Desktop\LastCard\LastCard\Debug\link.824-cvtres.read.1.tlog
C:\Users\Ivan\Desktop\LastCard\LastCard\Debug\link.824-cvtres.write.1.tlog
C:\Users\Ivan\Desktop\LastCard\LastCard\Debug\link.8812.read.1.tlog
C:\Users\Ivan\Desktop\LastCard\LastCard\Debug\link.8812.read.2.tlog
C:\Users\Ivan\Desktop\LastCard\LastCard\Debug\link.8812.write.1.tlog
C:\Users\Ivan\Desktop\LastCard\LastCard\Debug\link.8812-cvtres.read.1.tlog
C:\Users\Ivan\Desktop\LastCard\LastCard\Debug\link.8812-cvtres.write.1.tlog
C:\Users\Ivan\Desktop\LastCard\LastCard\Debug\link.command.1.tlog
C:\Users\Ivan\Desktop\LastCard\LastCard\Debug\link.read.1.tlog
C:\Users\Ivan\Desktop\LastCard\LastCard\Debug\link.write.1.tlog
C:\Users\Ivan\Desktop\LastCard\LastCard\Debug\metagen.read.1.tlog
C:\Users\Ivan\Desktop\LastCard\LastCard\Debug\metagen.write.1.tlog
C:\Users\Ivan\Desktop\LastCard\LastCard\Debug\mt.command.1.tlog
C:\Users\Ivan\Desktop\LastCard\LastCard\Debug\mt.read.1.tlog
C:\Users\Ivan\Desktop\LastCard\LastCard\Debug\mt.write.1.tlog
C:\USERS\IVAN\DESKTOP\LASTCARD\LASTCARD\DEBUG\NEWAC.OBJ
C:\USERS\IVAN\DESKTOP\LASTCARD\LASTCARD\DEBUG\RANKING.OBJ
C:\Users\Ivan\Desktop\LastCard\LastCard\Debug\rc.command.1.tlog
C:\Users\Ivan\Desktop\LastCard\LastCard\Debug\rc.read.1.tlog
C:\Users\Ivan\Desktop\LastCard\LastCard\Debug\rc.write.1.tlog
C:\USERS\IVAN\DESKTOP\LASTCARD\LASTCARD\DEBUG\RECCARD.OBJ
C:\Users\Ivan\Desktop\LastCard\LastCard\Debug\RSAENH.DLL.bi
C:\USERS\IVAN\DESKTOP\LASTCARD\LASTCARD\DEBUG\RULE.OBJ
C:\USERS\IVAN\DESKTOP\LASTCARD\LASTCARD\DEBUG\SETTING.OBJ
C:\USERS\IVAN\DESKTOP\LASTCARD\LASTCARD\DEBUG\SIGNIN.OBJ
C:\USERS\IVAN\DESKTOP\LASTCARD\LASTCARD\DEBUG\STDAFX.OBJ
C:\USERS\IVAN\DESKTOP\LASTCARD\LASTCARD\DEBUG\SUITUP.OBJ
C:\Users\Ivan\Desktop\LastCard\LastCard\Debug\TZRES.DLL.bi
C:\USERS\IVAN\DESKTOP\LASTCARD\LASTCARD\DEBUG\VC100.PDB
C:\USERS\IVAN\DESKTOP\LASTCARD\LASTCARD\DEBUG\WINNER.OBJ
