Build started 6/9/2018 22:57:39.
     1>Project "C:\Users\frank\Desktop\Group 31 Mini-project\LastCard\LastCard\LastCard.vcxproj" on node 2 (build target(s)).
     1>InitializeBuildStatus:
         Creating "Debug\LastCard.unsuccessfulbuild" because "AlwaysCreate" was specified.
       GenerateTargetFrameworkMonikerAttribute:
       Skipping target "GenerateTargetFrameworkMonikerAttribute" because all output files are up-to-date with respect to the input files.
       ClCompile:
         C:\Program Files (x86)\Microsoft Visual Studio 10.0\VC\bin\CL.exe /c /AI"C:\Program Files (x86)\Reference Assemblies\Microsoft\Framework\.NETFramework\v4.0" /Zi /clr:pure /nologo /W3 /WX- /Od /Oy- /D WIN32 /D _DEBUG /D _UNICODE /D UNICODE /EHa /MDd /GS /fp:precise /Zc:wchar_t /Zc:forScope /Yc"StdAfx.h" /Fp"Debug\LastCard.pch" /Fo"Debug\\" /Fd"Debug\vc100.pdb" /TP /FU"C:\Program Files (x86)\Reference Assemblies\Microsoft\Framework\.NETFramework\v4.0\System.Core.dll" /FU"C:\Program Files (x86)\Reference Assemblies\Microsoft\Framework\.NETFramework\v4.0\System.Data.dll" /FU"C:\Program Files (x86)\Reference Assemblies\Microsoft\Framework\.NETFramework\v4.0\System.dll" /FU"C:\Program Files (x86)\Reference Assemblies\Microsoft\Framework\.NETFramework\v4.0\System.Drawing.dll" /FU"C:\Program Files (x86)\Reference Assemblies\Microsoft\Framework\.NETFramework\v4.0\System.Windows.Forms.dll" /FU"C:\Program Files (x86)\Reference Assemblies\Microsoft\Framework\.NETFramework\v4.0\System.Xml.dll" /analyze- /errorReport:prompt stdafx.cpp /clr:nostdlib 
         stdafx.cpp
         C:\Program Files (x86)\Microsoft Visual Studio 10.0\VC\bin\CL.exe /c /AI"C:\Program Files (x86)\Reference Assemblies\Microsoft\Framework\.NETFramework\v4.0" /Zi /clr:pure /nologo /W3 /WX- /Od /Oy- /D WIN32 /D _DEBUG /D _UNICODE /D UNICODE /EHa /MDd /GS /fp:precise /Zc:wchar_t /Zc:forScope /Yu"StdAfx.h" /Fp"Debug\LastCard.pch" /Fo"Debug\\" /Fd"Debug\vc100.pdb" /TP /FU"C:\Program Files (x86)\Reference Assemblies\Microsoft\Framework\.NETFramework\v4.0\System.Core.dll" /FU"C:\Program Files (x86)\Reference Assemblies\Microsoft\Framework\.NETFramework\v4.0\System.Data.dll" /FU"C:\Program Files (x86)\Reference Assemblies\Microsoft\Framework\.NETFramework\v4.0\System.dll" /FU"C:\Program Files (x86)\Reference Assemblies\Microsoft\Framework\.NETFramework\v4.0\System.Drawing.dll" /FU"C:\Program Files (x86)\Reference Assemblies\Microsoft\Framework\.NETFramework\v4.0\System.Windows.Forms.dll" /FU"C:\Program Files (x86)\Reference Assemblies\Microsoft\Framework\.NETFramework\v4.0\System.Xml.dll" /analyze- /errorReport:prompt AssemblyInfo.cpp game.cpp LastCard.cpp newac.cpp ranking.cpp recCard.cpp rule.cpp setting.cpp signin.cpp suitup.cpp winner.cpp /clr:nostdlib 
         AssemblyInfo.cpp
         game.cpp
         LastCard.cpp
         newac.cpp
         ranking.cpp
         recCard.cpp
         rule.cpp
         setting.cpp
         signin.cpp
         suitup.cpp
         winner.cpp
         Generating Code...
         C:\Program Files (x86)\Microsoft Visual Studio 10.0\VC\bin\CL.exe /c /Zi /clr:pure /nologo /W3 /WX- /Od /Oy- /D WIN32 /D _DEBUG /D _UNICODE /D UNICODE /EHa /MDd /GS /fp:precise /Zc:wchar_t /Zc:forScope /Fo"Debug\\" /Fd"Debug\vc100.pdb" /TP /analyze- /errorReport:prompt "C:\Users\frank\AppData\Local\Temp\.NETFramework,Version=v4.0.AssemblyAttributes.cpp"
         .NETFramework,Version=v4.0.AssemblyAttributes.cpp
       CoreResGen:
         No resources are out of date with respect to their source files. Skipping resource generation.
       ResourceCompile:
         C:\Program Files (x86)\Microsoft SDKs\Windows\v7.0A\bin\rc.exe /D _UNICODE /D UNICODE /l"0x0409" /nologo /fo"Debug\app.res" app.rc 
       Link:
         C:\Program Files (x86)\Microsoft Visual Studio 10.0\VC\bin\link.exe /ERRORREPORT:PROMPT /OUT:"C:\Users\frank\Desktop\Group 31 Mini-project\LastCard\Debug\LastCard.exe" /INCREMENTAL /NOLOGO /ASSEMBLYRESOURCE:Debug\LastCard.Form1.resources /ASSEMBLYRESOURCE:Debug\LastCard.game.resources /ASSEMBLYRESOURCE:Debug\LastCard.setting.resources /ASSEMBLYRESOURCE:Debug\LastCard.suitup.resources /MANIFEST /ManifestFile:"Debug\LastCard.exe.intermediate.manifest" /MANIFESTUAC:"level='asInvoker' uiAccess='false'" /DEBUG /PDB:"C:\Users\frank\Desktop\Group 31 Mini-project\LastCard\Debug\LastCard.pdb" /ASSEMBLYDEBUG /SUBSYSTEM:WINDOWS /TLBID:1 /ENTRY:"main" /DYNAMICBASE /FIXED:NO /NXCOMPAT /MACHINE:X86 Debug\app.res
         Debug\AssemblyInfo.obj
         Debug\game.obj
         Debug\LastCard.obj
         Debug\newac.obj
         Debug\ranking.obj
         Debug\recCard.obj
         Debug\rule.obj
         Debug\setting.obj
         Debug\signin.obj
         Debug\stdafx.obj
         Debug\suitup.obj
         Debug\winner.obj
         "Debug\.NETFramework,Version=v4.0.AssemblyAttributes.obj"
         lastcardlib.lib
         loginlib.lib
     1>lastcardlib.lib(lastcardlib.obj) : warning LNK4099: PDB 'vc100.pdb' was not found with 'lastcardlib.lib(lastcardlib.obj)' or at 'C:\Users\frank\Desktop\Group 31 Mini-project\LastCard\Debug\vc100.pdb'; linking object as if no debug info
     1>loginlib.lib(loginlib.obj) : warning LNK4099: PDB 'vc100.pdb' was not found with 'loginlib.lib(loginlib.obj)' or at 'C:\Users\frank\Desktop\Group 31 Mini-project\LastCard\Debug\vc100.pdb'; linking object as if no debug info
         LastCard.vcxproj -> C:\Users\frank\Desktop\Group 31 Mini-project\LastCard\Debug\LastCard.exe
       Manifest:
         C:\Program Files (x86)\Microsoft SDKs\Windows\v7.0A\bin\mt.exe /nologo /verbose /outputresource:"C:\Users\frank\Desktop\Group 31 Mini-project\LastCard\Debug\LastCard.exe;#1" /manifest Debug\LastCard.exe.intermediate.manifest
       FinalizeBuildStatus:
         Deleting file "Debug\LastCard.unsuccessfulbuild".
         Touching "Debug\LastCard.lastbuildstate".
     1>Done Building Project "C:\Users\frank\Desktop\Group 31 Mini-project\LastCard\LastCard\LastCard.vcxproj" (build target(s)).

Build succeeded.

Time Elapsed 00:00:05.43
